<?xml version="1.0" encoding="UTF-8"?>
<testsuite name="Scenario: Adding a recipe with wrong values" tests="6" skipped="1" failures="2" errors="0" timestamp="2022-07-01T13:23:35" hostname="JOLP_PC_MASTER" time="0.004">
  <properties/>
  <testcase name="Given a default recipe book" classname="Scenario: Adding a recipe with wrong values" time="0.0"/>
  <testcase name="When user selects add_recipe" classname="Scenario: Adding a recipe with wrong values" time="0.0"/>
  <testcase name="And user puts the name of the recipe &quot;Black_Horse&quot;" classname="Scenario: Adding a recipe with wrong values" time="0.0"/>
  <testcase name="And user puts the rest of the recipe elements" classname="Scenario: Adding a recipe with wrong values" time="0.002">
    <failure message="edu.ncsu.csc326.coffeemaker.exceptions.RecipeException: Price must be a positive integer" type="edu.ncsu.csc326.coffeemaker.exceptions.RecipeException">edu.ncsu.csc326.coffeemaker.exceptions.RecipeException: Price must be a positive integer
	at edu.ncsu.csc326.coffeemaker.Recipe.setPrice(Recipe.java:162)
	at edu.ncsu.csc326.coffeemaker.TestSteps.user_puts_the_rest_of_the_recipe_elements(TestSteps.java:215)
	at ✽.And user puts the rest of the recipe elements(edu/ncsu/csc326/coffeemaker/CoffeeMaker.feature:196)
</failure>
  </testcase>
  <testcase name="Then main menu raises up" classname="Scenario: Adding a recipe with wrong values" time="0.0">
    <skipped/>
  </testcase>
  <testcase name="classMethod" classname="Scenario: Adding a recipe with wrong values" time="0.005">
    <failure message="edu.ncsu.csc326.coffeemaker.exceptions.RecipeException: Price must be a positive integer" type="edu.ncsu.csc326.coffeemaker.exceptions.RecipeException">edu.ncsu.csc326.coffeemaker.exceptions.RecipeException: Price must be a positive integer
	at edu.ncsu.csc326.coffeemaker.Recipe.setPrice(Recipe.java:162)
	at edu.ncsu.csc326.coffeemaker.TestSteps.user_puts_the_rest_of_the_recipe_elements(TestSteps.java:215)
	at ✽.And user puts the rest of the recipe elements(edu/ncsu/csc326/coffeemaker/CoffeeMaker.feature:196)
</failure>
  </testcase>
  <system-out><![CDATA[]]></system-out>
  <system-err><![CDATA[]]></system-err>
</testsuite>
